2022-09-29 02:25:18 Notice: Deprecated (8192): Array and string offset access syntax with curly braces is deprecated in [C:\wamp64\www\Site\site\vendor\cakephp\cakephp\src\Filesystem\Folder.php, line 577]
Trace:
Cake\Error\BaseErrorHandler::handleError() - CORE\src\Error\BaseErrorHandler.php, line 159
include - ROOT\vendor\composer\ClassLoader.php, line 444
Composer\Autoload\includeFile - ROOT\vendor\composer\ClassLoader.php, line 444
Composer\Autoload\ClassLoader::loadClass() - ROOT\vendor\composer\ClassLoader.php, line 322
spl_autoload_call - [internal], line ??
Cake\Console\CommandScanner::scanDir() - CORE\src\Console\CommandScanner.php, line 111
Cake\Console\CommandScanner::scanCore() - CORE\src\Console\CommandScanner.php, line 42
Cake\Console\CommandCollection::autoDiscover() - CORE\src\Console\CommandCollection.php, line 217
Cake\Http\BaseApplication::console() - CORE\src\Http\BaseApplication.php, line 206
Cake\Console\CommandRunner::run() - CORE\src\Console\CommandRunner.php, line 142
[main] - ROOT\bin\cake.php, line 12



2022-09-29 02:25:18 Notice: Deprecated (8192): Array and string offset access syntax with curly braces is deprecated in [C:\wamp64\www\Site\site\vendor\cakephp\cakephp\src\Console\ConsoleOptionParser.php, line 1076]
Trace:
Cake\Error\BaseErrorHandler::handleError() - CORE\src\Error\BaseErrorHandler.php, line 159
include - ROOT\vendor\composer\ClassLoader.php, line 444
Composer\Autoload\includeFile - ROOT\vendor\composer\ClassLoader.php, line 444
Composer\Autoload\ClassLoader::loadClass() - ROOT\vendor\composer\ClassLoader.php, line 322
spl_autoload_call - [internal], line ??
Cake\Console\Shell::getOptionParser() - CORE\src\Console\Shell.php, line 595
Cake\Shell\ServerShell::getOptionParser() - CORE\src\Shell\ServerShell.php, line 160
Cake\Console\Shell::runCommand() - CORE\src\Console\Shell.php, line 486
Cake\Console\CommandRunner::runShell() - CORE\src\Console\CommandRunner.php, line 342
Cake\Console\CommandRunner::run() - CORE\src\Console\CommandRunner.php, line 164
[main] - ROOT\bin\cake.php, line 12



2022-09-29 02:25:18 Notice: Deprecated (8192): Array and string offset access syntax with curly braces is deprecated in [C:\wamp64\www\Site\site\vendor\cakephp\cakephp\src\Console\ConsoleOptionParser.php, line 1076]
Trace:
Cake\Error\BaseErrorHandler::handleError() - CORE\src\Error\BaseErrorHandler.php, line 159
include - ROOT\vendor\composer\ClassLoader.php, line 444
Composer\Autoload\includeFile - ROOT\vendor\composer\ClassLoader.php, line 444
Composer\Autoload\ClassLoader::loadClass() - ROOT\vendor\composer\ClassLoader.php, line 322
spl_autoload_call - [internal], line ??
Cake\Console\Shell::getOptionParser() - CORE\src\Console\Shell.php, line 595
Cake\Shell\ServerShell::getOptionParser() - CORE\src\Shell\ServerShell.php, line 160
Cake\Console\Shell::runCommand() - CORE\src\Console\Shell.php, line 486
Cake\Console\CommandRunner::runShell() - CORE\src\Console\CommandRunner.php, line 342
Cake\Console\CommandRunner::run() - CORE\src\Console\CommandRunner.php, line 164
[main] - ROOT\bin\cake.php, line 12



2022-09-29 02:25:18 Notice: Deprecated (8192): Array and string offset access syntax with curly braces is deprecated in [C:\wamp64\www\Site\site\vendor\cakephp\cakephp\src\Console\ConsoleOptionParser.php, line 1077]
Trace:
Cake\Error\BaseErrorHandler::handleError() - CORE\src\Error\BaseErrorHandler.php, line 159
include - ROOT\vendor\composer\ClassLoader.php, line 444
Composer\Autoload\includeFile - ROOT\vendor\composer\ClassLoader.php, line 444
Composer\Autoload\ClassLoader::loadClass() - ROOT\vendor\composer\ClassLoader.php, line 322
spl_autoload_call - [internal], line ??
Cake\Console\Shell::getOptionParser() - CORE\src\Console\Shell.php, line 595
Cake\Shell\ServerShell::getOptionParser() - CORE\src\Shell\ServerShell.php, line 160
Cake\Console\Shell::runCommand() - CORE\src\Console\Shell.php, line 486
Cake\Console\CommandRunner::runShell() - CORE\src\Console\CommandRunner.php, line 342
Cake\Console\CommandRunner::run() - CORE\src\Console\CommandRunner.php, line 164
[main] - ROOT\bin\cake.php, line 12



2022-09-29 02:26:42 Notice: Deprecated (8192): Array and string offset access syntax with curly braces is deprecated in [C:\wamp64\www\Site\site\vendor\cakephp\cakephp\src\Filesystem\Folder.php, line 577]
Trace:
Cake\Error\BaseErrorHandler::handleError() - CORE\src\Error\BaseErrorHandler.php, line 159
include - ROOT\vendor\composer\ClassLoader.php, line 571
Composer\Autoload\includeFile - ROOT\vendor\composer\ClassLoader.php, line 571
Composer\Autoload\ClassLoader::loadClass() - ROOT\vendor\composer\ClassLoader.php, line 428
spl_autoload_call - [internal], line ??
Cake\Console\CommandScanner::scanDir() - CORE\src\Console\CommandScanner.php, line 111
Cake\Console\CommandScanner::scanCore() - CORE\src\Console\CommandScanner.php, line 42
Cake\Console\CommandCollection::autoDiscover() - CORE\src\Console\CommandCollection.php, line 217
Cake\Http\BaseApplication::console() - CORE\src\Http\BaseApplication.php, line 206
Cake\Console\CommandRunner::run() - CORE\src\Console\CommandRunner.php, line 142
[main] - ROOT\bin\cake.php, line 12



2022-09-29 02:26:42 Notice: Deprecated (8192): Array and string offset access syntax with curly braces is deprecated in [C:\wamp64\www\Site\site\vendor\cakephp\cakephp\src\Console\ConsoleOptionParser.php, line 1076]
Trace:
Cake\Error\BaseErrorHandler::handleError() - CORE\src\Error\BaseErrorHandler.php, line 159
include - ROOT\vendor\composer\ClassLoader.php, line 571
Composer\Autoload\includeFile - ROOT\vendor\composer\ClassLoader.php, line 571
Composer\Autoload\ClassLoader::loadClass() - ROOT\vendor\composer\ClassLoader.php, line 428
spl_autoload_call - [internal], line ??
Cake\Console\Shell::getOptionParser() - CORE\src\Console\Shell.php, line 595
Cake\Shell\ServerShell::getOptionParser() - CORE\src\Shell\ServerShell.php, line 160
Cake\Console\Shell::runCommand() - CORE\src\Console\Shell.php, line 486
Cake\Console\CommandRunner::runShell() - CORE\src\Console\CommandRunner.php, line 342
Cake\Console\CommandRunner::run() - CORE\src\Console\CommandRunner.php, line 164
[main] - ROOT\bin\cake.php, line 12



2022-09-29 02:26:42 Notice: Deprecated (8192): Array and string offset access syntax with curly braces is deprecated in [C:\wamp64\www\Site\site\vendor\cakephp\cakephp\src\Console\ConsoleOptionParser.php, line 1076]
Trace:
Cake\Error\BaseErrorHandler::handleError() - CORE\src\Error\BaseErrorHandler.php, line 159
include - ROOT\vendor\composer\ClassLoader.php, line 571
Composer\Autoload\includeFile - ROOT\vendor\composer\ClassLoader.php, line 571
Composer\Autoload\ClassLoader::loadClass() - ROOT\vendor\composer\ClassLoader.php, line 428
spl_autoload_call - [internal], line ??
Cake\Console\Shell::getOptionParser() - CORE\src\Console\Shell.php, line 595
Cake\Shell\ServerShell::getOptionParser() - CORE\src\Shell\ServerShell.php, line 160
Cake\Console\Shell::runCommand() - CORE\src\Console\Shell.php, line 486
Cake\Console\CommandRunner::runShell() - CORE\src\Console\CommandRunner.php, line 342
Cake\Console\CommandRunner::run() - CORE\src\Console\CommandRunner.php, line 164
[main] - ROOT\bin\cake.php, line 12



2022-09-29 02:26:42 Notice: Deprecated (8192): Array and string offset access syntax with curly braces is deprecated in [C:\wamp64\www\Site\site\vendor\cakephp\cakephp\src\Console\ConsoleOptionParser.php, line 1077]
Trace:
Cake\Error\BaseErrorHandler::handleError() - CORE\src\Error\BaseErrorHandler.php, line 159
include - ROOT\vendor\composer\ClassLoader.php, line 571
Composer\Autoload\includeFile - ROOT\vendor\composer\ClassLoader.php, line 571
Composer\Autoload\ClassLoader::loadClass() - ROOT\vendor\composer\ClassLoader.php, line 428
spl_autoload_call - [internal], line ??
Cake\Console\Shell::getOptionParser() - CORE\src\Console\Shell.php, line 595
Cake\Shell\ServerShell::getOptionParser() - CORE\src\Shell\ServerShell.php, line 160
Cake\Console\Shell::runCommand() - CORE\src\Console\Shell.php, line 486
Cake\Console\CommandRunner::runShell() - CORE\src\Console\CommandRunner.php, line 342
Cake\Console\CommandRunner::run() - CORE\src\Console\CommandRunner.php, line 164
[main] - ROOT\bin\cake.php, line 12



2022-09-30 22:20:40 Notice: Deprecated (8192): Array and string offset access syntax with curly braces is deprecated in [C:\wamp64\www\esysmweb\vendor\cakephp\cakephp\src\Filesystem\Folder.php, line 577]
Trace:
Cake\Error\BaseErrorHandler::handleError() - CORE\src\Error\BaseErrorHandler.php, line 159
include - ROOT\vendor\composer\ClassLoader.php, line 571
Composer\Autoload\includeFile - ROOT\vendor\composer\ClassLoader.php, line 571
Composer\Autoload\ClassLoader::loadClass() - ROOT\vendor\composer\ClassLoader.php, line 428
spl_autoload_call - [internal], line ??
Cake\Console\CommandScanner::scanDir() - CORE\src\Console\CommandScanner.php, line 111
Cake\Console\CommandScanner::scanCore() - CORE\src\Console\CommandScanner.php, line 42
Cake\Console\CommandCollection::autoDiscover() - CORE\src\Console\CommandCollection.php, line 217
Cake\Http\BaseApplication::console() - CORE\src\Http\BaseApplication.php, line 206
Cake\Console\CommandRunner::run() - CORE\src\Console\CommandRunner.php, line 142
[main] - ROOT\bin\cake.php, line 12



2022-09-30 22:20:40 Notice: Deprecated (8192): Array and string offset access syntax with curly braces is deprecated in [C:\wamp64\www\esysmweb\vendor\cakephp\cakephp\src\Console\ConsoleOptionParser.php, line 1076]
Trace:
Cake\Error\BaseErrorHandler::handleError() - CORE\src\Error\BaseErrorHandler.php, line 159
include - ROOT\vendor\composer\ClassLoader.php, line 571
Composer\Autoload\includeFile - ROOT\vendor\composer\ClassLoader.php, line 571
Composer\Autoload\ClassLoader::loadClass() - ROOT\vendor\composer\ClassLoader.php, line 428
spl_autoload_call - [internal], line ??
Cake\Console\Shell::getOptionParser() - CORE\src\Console\Shell.php, line 595
Cake\Shell\ServerShell::getOptionParser() - CORE\src\Shell\ServerShell.php, line 160
Cake\Console\Shell::runCommand() - CORE\src\Console\Shell.php, line 486
Cake\Console\CommandRunner::runShell() - CORE\src\Console\CommandRunner.php, line 342
Cake\Console\CommandRunner::run() - CORE\src\Console\CommandRunner.php, line 164
[main] - ROOT\bin\cake.php, line 12



2022-09-30 22:20:40 Notice: Deprecated (8192): Array and string offset access syntax with curly braces is deprecated in [C:\wamp64\www\esysmweb\vendor\cakephp\cakephp\src\Console\ConsoleOptionParser.php, line 1076]
Trace:
Cake\Error\BaseErrorHandler::handleError() - CORE\src\Error\BaseErrorHandler.php, line 159
include - ROOT\vendor\composer\ClassLoader.php, line 571
Composer\Autoload\includeFile - ROOT\vendor\composer\ClassLoader.php, line 571
Composer\Autoload\ClassLoader::loadClass() - ROOT\vendor\composer\ClassLoader.php, line 428
spl_autoload_call - [internal], line ??
Cake\Console\Shell::getOptionParser() - CORE\src\Console\Shell.php, line 595
Cake\Shell\ServerShell::getOptionParser() - CORE\src\Shell\ServerShell.php, line 160
Cake\Console\Shell::runCommand() - CORE\src\Console\Shell.php, line 486
Cake\Console\CommandRunner::runShell() - CORE\src\Console\CommandRunner.php, line 342
Cake\Console\CommandRunner::run() - CORE\src\Console\CommandRunner.php, line 164
[main] - ROOT\bin\cake.php, line 12



2022-09-30 22:20:40 Notice: Deprecated (8192): Array and string offset access syntax with curly braces is deprecated in [C:\wamp64\www\esysmweb\vendor\cakephp\cakephp\src\Console\ConsoleOptionParser.php, line 1077]
Trace:
Cake\Error\BaseErrorHandler::handleError() - CORE\src\Error\BaseErrorHandler.php, line 159
include - ROOT\vendor\composer\ClassLoader.php, line 571
Composer\Autoload\includeFile - ROOT\vendor\composer\ClassLoader.php, line 571
Composer\Autoload\ClassLoader::loadClass() - ROOT\vendor\composer\ClassLoader.php, line 428
spl_autoload_call - [internal], line ??
Cake\Console\Shell::getOptionParser() - CORE\src\Console\Shell.php, line 595
Cake\Shell\ServerShell::getOptionParser() - CORE\src\Shell\ServerShell.php, line 160
Cake\Console\Shell::runCommand() - CORE\src\Console\Shell.php, line 486
Cake\Console\CommandRunner::runShell() - CORE\src\Console\CommandRunner.php, line 342
Cake\Console\CommandRunner::run() - CORE\src\Console\CommandRunner.php, line 164
[main] - ROOT\bin\cake.php, line 12



2022-09-30 22:26:24 Notice: Deprecated (8192): Array and string offset access syntax with curly braces is deprecated in [C:\wamp64\www\esysmweb\vendor\cakephp\cakephp\src\Filesystem\Folder.php, line 577]
Trace:
Cake\Error\BaseErrorHandler::handleError() - CORE\src\Error\BaseErrorHandler.php, line 159
include - ROOT\vendor\composer\ClassLoader.php, line 571
Composer\Autoload\includeFile - ROOT\vendor\composer\ClassLoader.php, line 571
Composer\Autoload\ClassLoader::loadClass() - ROOT\vendor\composer\ClassLoader.php, line 428
spl_autoload_call - [internal], line ??
Cake\Console\CommandScanner::scanDir() - CORE\src\Console\CommandScanner.php, line 111
Cake\Console\CommandScanner::scanCore() - CORE\src\Console\CommandScanner.php, line 42
Cake\Console\CommandCollection::autoDiscover() - CORE\src\Console\CommandCollection.php, line 217
Cake\Http\BaseApplication::console() - CORE\src\Http\BaseApplication.php, line 206
Cake\Console\CommandRunner::run() - CORE\src\Console\CommandRunner.php, line 142
[main] - ROOT\bin\cake.php, line 12



2022-09-30 22:26:24 Notice: Deprecated (8192): Array and string offset access syntax with curly braces is deprecated in [C:\wamp64\www\esysmweb\vendor\cakephp\cakephp\src\Console\ConsoleOptionParser.php, line 1076]
Trace:
Cake\Error\BaseErrorHandler::handleError() - CORE\src\Error\BaseErrorHandler.php, line 159
include - ROOT\vendor\composer\ClassLoader.php, line 571
Composer\Autoload\includeFile - ROOT\vendor\composer\ClassLoader.php, line 571
Composer\Autoload\ClassLoader::loadClass() - ROOT\vendor\composer\ClassLoader.php, line 428
spl_autoload_call - [internal], line ??
Cake\Console\Shell::getOptionParser() - CORE\src\Console\Shell.php, line 595
Cake\Shell\ServerShell::getOptionParser() - CORE\src\Shell\ServerShell.php, line 160
Cake\Console\Shell::runCommand() - CORE\src\Console\Shell.php, line 486
Cake\Console\CommandRunner::runShell() - CORE\src\Console\CommandRunner.php, line 342
Cake\Console\CommandRunner::run() - CORE\src\Console\CommandRunner.php, line 164
[main] - ROOT\bin\cake.php, line 12



2022-09-30 22:26:24 Notice: Deprecated (8192): Array and string offset access syntax with curly braces is deprecated in [C:\wamp64\www\esysmweb\vendor\cakephp\cakephp\src\Console\ConsoleOptionParser.php, line 1076]
Trace:
Cake\Error\BaseErrorHandler::handleError() - CORE\src\Error\BaseErrorHandler.php, line 159
include - ROOT\vendor\composer\ClassLoader.php, line 571
Composer\Autoload\includeFile - ROOT\vendor\composer\ClassLoader.php, line 571
Composer\Autoload\ClassLoader::loadClass() - ROOT\vendor\composer\ClassLoader.php, line 428
spl_autoload_call - [internal], line ??
Cake\Console\Shell::getOptionParser() - CORE\src\Console\Shell.php, line 595
Cake\Shell\ServerShell::getOptionParser() - CORE\src\Shell\ServerShell.php, line 160
Cake\Console\Shell::runCommand() - CORE\src\Console\Shell.php, line 486
Cake\Console\CommandRunner::runShell() - CORE\src\Console\CommandRunner.php, line 342
Cake\Console\CommandRunner::run() - CORE\src\Console\CommandRunner.php, line 164
[main] - ROOT\bin\cake.php, line 12



2022-09-30 22:26:24 Notice: Deprecated (8192): Array and string offset access syntax with curly braces is deprecated in [C:\wamp64\www\esysmweb\vendor\cakephp\cakephp\src\Console\ConsoleOptionParser.php, line 1077]
Trace:
Cake\Error\BaseErrorHandler::handleError() - CORE\src\Error\BaseErrorHandler.php, line 159
include - ROOT\vendor\composer\ClassLoader.php, line 571
Composer\Autoload\includeFile - ROOT\vendor\composer\ClassLoader.php, line 571
Composer\Autoload\ClassLoader::loadClass() - ROOT\vendor\composer\ClassLoader.php, line 428
spl_autoload_call - [internal], line ??
Cake\Console\Shell::getOptionParser() - CORE\src\Console\Shell.php, line 595
Cake\Shell\ServerShell::getOptionParser() - CORE\src\Shell\ServerShell.php, line 160
Cake\Console\Shell::runCommand() - CORE\src\Console\Shell.php, line 486
Cake\Console\CommandRunner::runShell() - CORE\src\Console\CommandRunner.php, line 342
Cake\Console\CommandRunner::run() - CORE\src\Console\CommandRunner.php, line 164
[main] - ROOT\bin\cake.php, line 12



